生成启动时间为 2013-01-21 星期一 20:53:24。
     1>项目“G:\GPU项目\程序\OpenCL\OpenCLProcessor\OpenCLProcessor.vcxproj”在节点 2 上(build 个目标)。
     1>InitializeBuildStatus:
         正在创建“Release\OpenCLProcessor.unsuccessfulbuild”，因为已指定“AlwaysCreate”。
       ClCompile:
         所有输出均为最新。
         d:\Program Files\Visual Studio 2010\VC\bin\CL.exe /c /I. /Zi /nologo /W3 /WX- /O2 /Oi /Oy- /GL /D WIN32 /D NDEBUG /D _CONSOLE /D _UNICODE /D UNICODE /D _ATL_STATIC_REGISTRY /Gm- /EHsc /MD /GS /Gy /fp:precise /Zc:wchar_t /Zc:forScope /Yu"StdAfx.h" /Fp"Release\OpenCLProcessor.pch" /Fo"Release\\" /Fd"Release\vc100.pdb" /Gd /TP /analyze- /errorReport:prompt main.cpp
         main.cpp
       Link:
         d:\Program Files\Visual Studio 2010\VC\bin\link.exe /ERRORREPORT:PROMPT /OUT:"G:\GPU项目\程序\OpenCL\Release\OpenCLProcessor.exe" /INCREMENTAL:NO /NOLOGO /LIBPATH:"C:\Program Files\NVIDIA GPU Computing Toolkit\CUDA\v5.0\lib\Win32" opencl.lib FreeImage.lib kernel32.lib user32.lib gdi32.lib winspool.lib comdlg32.lib advapi32.lib shell32.lib ole32.lib oleaut32.lib uuid.lib odbc32.lib odbccp32.lib /MANIFEST /ManifestFile:"Release\OpenCLProcessor.exe.intermediate.manifest" /MANIFESTUAC:"level='asInvoker' uiAccess='false'" /DEBUG /PDB:"G:\GPU项目\程序\OpenCL\Release\OpenCLProcessor.pdb" /SUBSYSTEM:CONSOLE /OPT:REF /OPT:ICF /LTCG /TLBID:1 /DYNAMICBASE /NXCOMPAT /IMPLIB:"G:\GPU项目\程序\OpenCL\Release\OpenCLProcessor.lib" /MACHINE:X86 Release\BaseProcessor.obj
         Release\Bilinear.obj
         Release\Bilinear_beta.obj
         Release\clTimer.obj
         Release\Sobel.obj
         Release\main.obj
         Release\stdafx.obj
         正在生成代码
         已完成代码的生成
         OpenCLProcessor.vcxproj -> G:\GPU项目\程序\OpenCL\Release\OpenCLProcessor.exe
       Manifest:
         c:\Program Files\Microsoft SDKs\Windows\v7.0A\bin\mt.exe /nologo /verbose /outputresource:"G:\GPU项目\程序\OpenCL\Release\OpenCLProcessor.exe;#1" /manifest Release\OpenCLProcessor.exe.intermediate.manifest
       FinalizeBuildStatus:
         正在删除文件“Release\OpenCLProcessor.unsuccessfulbuild”。
         正在对“Release\OpenCLProcessor.lastbuildstate”执行 Touch 任务。
     1>已完成生成项目“G:\GPU项目\程序\OpenCL\OpenCLProcessor\OpenCLProcessor.vcxproj”(build 个目标)的操作。

生成成功。

已用时间 00:00:03.36
